************* SYNTAX TREE PRINTOUT ***********

  +-[IDNode,0,"xyz"]
R-[ProgramOp]
  |   +-[IDNode,4,"test"]
  | +-[ClassDefOp]
  | | |           +-[DUMMYnode]
  | | |         +-[CommaOp]
  | | |         | +-[STRINGNode,29,"Hello World !!!"]
  | | |       +-[RoutineCallOp]
  | | |       | |   +-[DUMMYnode]
  | | |       | | +-[SelectOp]
  | | |       | | | | +-[DUMMYnode]
  | | |       | | | +-[FieldOp]
  | | |       | | |   +-[IDNode,21,"println"]
  | | |       | +-[VarOp]
  | | |       |   +-[IDNode,14,"system"]
  | | |     +-[StmtOp]
  | | |     | +-[DUMMYnode]
  | | |   +-[BodyOp]
  | | |   | +-[DUMMYnode]
  | | | +-[MethodOp]
  | | | | |     +-[DUMMYnode]
  | | | | |   +-[TypeIdOp]
  | | | | |   | +-[INTEGERTNode]
  | | | | | +-[SpecOp]
  | | | | | | +-[DUMMYnode]
  | | | | +-[HeadOp]
  | | | |   +-[IDNode,9,"main"]
  | | +-[BodyOp]
  | |   +-[DUMMYnode]
  +-[ClassOp]
    +-[DUMMYnode]
