************* SYNTAX TREE PRINTOUT ***********

  +-[IDNode,0,"xyz"]
R-[ProgramOp]
  |   +-[IDNode,4,"test"]
  | +-[ClassDefOp]
  | | |               +-[NUMNode,2]
  | | |             +-[AssignOp]
  | | |             | |   +-[DUMMYnode]
  | | |             | | +-[VarOp]
  | | |             | | | +-[IDNode,14,"x"]
  | | |             | +-[AssignOp]
  | | |             |   +-[DUMMYnode]
  | | |           +-[StmtOp]
  | | |           | +-[DUMMYnode]
  | | |         +-[CommaOp]
  | | |         | | +-[NUMNode,1]
  | | |         | +-[GTOp]
  | | |         |   | +-[DUMMYnode]
  | | |         |   +-[VarOp]
  | | |         |     +-[IDNode,14,"x"]
  | | |       +-[IfElseOp]
  | | |       | +-[DUMMYnode]
  | | |     +-[StmtOp]
  | | |     | +-[DUMMYnode]
  | | |   +-[BodyOp]
  | | |   | +-[DUMMYnode]
  | | | +-[MethodOp]
  | | | | |     +-[DUMMYnode]
  | | | | |   +-[TypeIdOp]
  | | | | |   | +-[INTEGERTNode]
  | | | | | +-[SpecOp]
  | | | | | | +-[DUMMYnode]
  | | | | +-[HeadOp]
  | | | |   +-[IDNode,9,"main"]
  | | +-[BodyOp]
  | |   +-[DUMMYnode]
  +-[ClassOp]
    +-[DUMMYnode]
